<?xml version="1.0" encoding="UTF-8"?>
<!-- Generated by org.testng.reporters.JUnitReportReporter -->
<testsuite hostname="test-VirtualBox" name="suite.signup_as_parent" tests="1" failures="0" timestamp="23 Jan 2015 17:07:57 GMT" time="18.300" errors="0">
  <testcase name="test_signup_as_parent" time="18.300" classname="suite.signup_as_parent"/>
</testsuite> <!-- suite.signup_as_parent -->
