<?xml version="1.0" encoding="UTF-8"?>
<!-- Generated by org.testng.reporters.JUnitReportReporter -->
<testsuite hostname="test-VirtualBox" name="suite.get_all_links_unautorized" tests="1" failures="0" timestamp="4 Feb 2015 15:15:47 GMT" time="220.614" errors="0">
  <testcase name="test" time="220.614" classname="suite.get_all_links_unautorized"/>
</testsuite> <!-- suite.get_all_links_unautorized -->
