<?xml version="1.0" encoding="UTF-8"?>
<!-- Generated by org.testng.reporters.JUnitReportReporter -->
<testsuite hostname="test-VirtualBox" name="suite.get_all_links_unautorized" tests="1" failures="0" timestamp="6 Feb 2015 09:08:35 GMT" time="90.678" errors="0">
  <testcase name="test" time="90.678" classname="suite.get_all_links_unautorized"/>
</testsuite> <!-- suite.get_all_links_unautorized -->
