<?xml version="1.0" encoding="UTF-8"?>
<!-- Generated by org.testng.reporters.JUnitReportReporter -->
<testsuite hostname="test-VirtualBox" name="tests.signin_test" tests="2" failures="0" timestamp="6 Feb 2015 12:29:30 GMT" time="39.768" errors="0">
  <testcase name="as_merch" time="22.015" classname="tests.signin_test"/>
  <testcase name="as_parent" time="17.753" classname="tests.signin_test"/>
</testsuite> <!-- tests.signin_test -->
