<?xml version="1.0" encoding="UTF-8"?>
<!-- Generated by org.testng.reporters.JUnitReportReporter -->
<testsuite hostname="test-VirtualBox" name="suite.get_all_links_parent" tests="1" failures="0" timestamp="4 Feb 2015 14:16:45 GMT" time="127.442" errors="0">
  <testcase name="test" time="127.442" classname="suite.get_all_links_parent"/>
</testsuite> <!-- suite.get_all_links_parent -->
