<?xml version="1.0" encoding="UTF-8"?>
<!-- Generated by org.testng.reporters.JUnitReportReporter -->
<testsuite hostname="test-VirtualBox" name="suite.get_all_links_kid" tests="1" failures="0" timestamp="6 Feb 2015 09:31:26 GMT" time="116.271" errors="0">
  <testcase name="test" time="116.271" classname="suite.get_all_links_kid"/>
</testsuite> <!-- suite.get_all_links_kid -->
