<?xml version="1.0" encoding="UTF-8"?>
<!-- Generated by org.testng.reporters.JUnitReportReporter -->
<testsuite hostname="test-VirtualBox" name="suite.Signup" tests="2" failures="0" timestamp="23 Jan 2015 17:49:19 GMT" time="39.079" errors="0">
  <testcase name="test_signup_as_parent" time="18.002" classname="suite.Signup"/>
  <testcase name="test_signup_as_merchant" time="21.077" classname="suite.Signup"/>
</testsuite> <!-- suite.Signup -->
