<?xml version="1.0" encoding="UTF-8"?>
<!-- Generated by org.testng.reporters.JUnitReportReporter -->
<testsuite hostname="test-VirtualBox" name="suite.signup_test" tests="2" failures="0" timestamp="6 Feb 2015 12:20:57 GMT" time="40.260" errors="0">
  <testcase name="as_merch" time="21.060" classname="suite.signup_test"/>
  <testcase name="as_parent" time="19.200" classname="suite.signup_test"/>
</testsuite> <!-- suite.signup_test -->
