<?xml version="1.0" encoding="UTF-8"?>
<!-- Generated by org.testng.reporters.JUnitReportReporter -->
<testsuite hostname="test-VirtualBox" name="suite.get_all_links1" tests="1" failures="0" timestamp="26 Jan 2015 11:13:24 GMT" time="14.844" errors="0">
  <testcase name="get_links" time="14.844" classname="suite.get_all_links1"/>
</testsuite> <!-- suite.get_all_links1 -->
