<?xml version="1.0" encoding="UTF-8"?>
<!-- Generated by org.testng.reporters.JUnitReportReporter -->
<testsuite hostname="test-VirtualBox" name="automationFramework.handleiframe" tests="1" failures="0" timestamp="4 Feb 2015 18:49:33 GMT" time="60.671" errors="0">
  <testcase name="frame" time="60.671" classname="automationFramework.handleiframe"/>
</testsuite> <!-- automationFramework.handleiframe -->
