<?xml version="1.0" encoding="UTF-8"?>
<!-- Generated by org.testng.reporters.JUnitReportReporter -->
<testsuite hostname="test-VirtualBox" name="suite.Signin" tests="1" failures="0" timestamp="26 Jan 2015 13:14:22 GMT" time="13.810" errors="0">
  <testcase name="test_signin_as_parent" time="13.810" classname="suite.Signin"/>
</testsuite> <!-- suite.Signin -->
